

============================== 2022-05-03 13:33:09.473307 | e9515b3f-5d64-4194-be5d-8a2bc18de7d3 ==============================
13:33:09.473314 [info ] [MainThread]: Running with dbt=1.1.0
13:33:09.473504 [debug] [MainThread]: running dbt with arguments {'write_json': True, 'use_colors': True, 'printer_width': 80, 'version_check': True, 'partial_parse': True, 'static_parser': True, 'profiles_dir': '/opt/airflow/.dbt', 'send_anonymous_usage_stats': True, 'event_buffer_size': 100000, 'quiet': False, 'no_print': False, 'skip_profile_setup': False, 'which': 'init', 'indirect_selection': 'eager'}
13:33:09.473572 [debug] [MainThread]: Tracking: tracking
13:33:09.474871 [debug] [MainThread]: Sending event: {'category': 'dbt', 'action': 'invocation', 'label': 'start', 'context': [<snowplow_tracker.self_describing_json.SelfDescribingJson object at 0x7f36529bb070>, <snowplow_tracker.self_describing_json.SelfDescribingJson object at 0x7f36529bb2b0>, <snowplow_tracker.self_describing_json.SelfDescribingJson object at 0x7f36529bb370>]}
13:33:09.475027 [info ] [MainThread]: Creating dbt configuration folder at /opt/airflow/.dbt


============================== 2022-05-03 18:47:41.241559 | d69a5b0c-1d5a-435d-93ca-2c4d6b40ac04 ==============================
18:47:41.241571 [info ] [MainThread]: Running with dbt=1.1.0
18:47:41.242015 [debug] [MainThread]: running dbt with arguments {'write_json': True, 'use_colors': True, 'printer_width': 80, 'version_check': True, 'partial_parse': True, 'static_parser': True, 'profiles_dir': '/home/zorin/.dbt', 'send_anonymous_usage_stats': True, 'event_buffer_size': 100000, 'quiet': False, 'no_print': False, 'project_name': 'dwh_phongbui_transformation', 'skip_profile_setup': False, 'which': 'init', 'indirect_selection': 'eager'}
18:47:41.242197 [debug] [MainThread]: Tracking: tracking
18:47:41.249155 [debug] [MainThread]: Sending event: {'category': 'dbt', 'action': 'invocation', 'label': 'start', 'context': [<snowplow_tracker.self_describing_json.SelfDescribingJson object at 0x7f23150b5520>, <snowplow_tracker.self_describing_json.SelfDescribingJson object at 0x7f23150b51f0>, <snowplow_tracker.self_describing_json.SelfDescribingJson object at 0x7f23150b50d0>]}
18:47:41.249547 [debug] [MainThread]: Starter project path: /home/zorin/Projects/D_air/venv/lib/python3.8/site-packages/dbt/include/starter_project
18:47:44.514528 [info ] [MainThread]: 
Your new dbt project "dwh_phongbui_transformation" was created!

For more information on how to configure the profiles.yml file,
please consult the dbt documentation here:

  https://docs.getdbt.com/docs/configure-your-profile

One more thing:

Need help? Don't hesitate to reach out to us via GitHub issues or on Slack:

  https://community.getdbt.com/

Happy modeling!

18:47:44.514780 [debug] [MainThread]: Sending event: {'category': 'dbt', 'action': 'invocation', 'label': 'end', 'context': [<snowplow_tracker.self_describing_json.SelfDescribingJson object at 0x7f23138b77f0>, <snowplow_tracker.self_describing_json.SelfDescribingJson object at 0x7f23138b75e0>, <snowplow_tracker.self_describing_json.SelfDescribingJson object at 0x7f23138b7970>]}


============================== 2022-05-03 21:36:44.185871 | 184b473d-c718-4a51-ae14-842bdcb0d182 ==============================
21:36:44.185877 [info ] [MainThread]: Running with dbt=1.1.0
21:36:44.186147 [debug] [MainThread]: running dbt with arguments {'write_json': True, 'use_colors': True, 'printer_width': 80, 'version_check': True, 'partial_parse': True, 'static_parser': True, 'profiles_dir': '/home/zorin/.dbt', 'send_anonymous_usage_stats': True, 'event_buffer_size': 100000, 'quiet': False, 'no_print': False, 'project_name': 'dd', 'skip_profile_setup': False, 'which': 'init', 'indirect_selection': 'eager'}
21:36:44.186277 [debug] [MainThread]: Tracking: tracking
21:36:44.190902 [debug] [MainThread]: Sending event: {'category': 'dbt', 'action': 'invocation', 'label': 'start', 'context': [<snowplow_tracker.self_describing_json.SelfDescribingJson object at 0x7f13b207b100>, <snowplow_tracker.self_describing_json.SelfDescribingJson object at 0x7f13b207b340>, <snowplow_tracker.self_describing_json.SelfDescribingJson object at 0x7f13b207b370>]}
21:36:44.191227 [debug] [MainThread]: Starter project path: /home/zorin/Projects/D_air/venv/lib/python3.8/site-packages/dbt/include/starter_project
21:36:46.404967 [info ] [MainThread]: 
Your new dbt project "dd" was created!

For more information on how to configure the profiles.yml file,
please consult the dbt documentation here:

  https://docs.getdbt.com/docs/configure-your-profile

One more thing:

Need help? Don't hesitate to reach out to us via GitHub issues or on Slack:

  https://community.getdbt.com/

Happy modeling!

21:36:46.405288 [debug] [MainThread]: Sending event: {'category': 'dbt', 'action': 'invocation', 'label': 'end', 'context': [<snowplow_tracker.self_describing_json.SelfDescribingJson object at 0x7f13b21764f0>, <snowplow_tracker.self_describing_json.SelfDescribingJson object at 0x7f13b08576a0>, <snowplow_tracker.self_describing_json.SelfDescribingJson object at 0x7f13b08828b0>]}
